<?xml version="1.0" encoding="UTF-8"?>
<TestRun id="7b0b18e9-dc86-484f-a585-1ca851b86cb7" name="ip@ZAUBERWERKSTATT 2009-11-27 00:32:41" runUser="zauberwerkstatt\ip" xmlns="http://microsoft.com/schemas/VisualStudio/TeamTest/2006">
  <TestRunConfiguration name="Standard-Testlaufkonfiguration" id="7bea13db-c9c3-4b44-a405-6dddaa508a72">
    <Deployment runDeploymentRoot="C:\Users\ip\Documents\Visual Studio 2008\Projects\Genetic Algorithms\TestResults\ip_ZAUBERWERKSTATT 2009-11-27 00_32_41">
      <DeploymentItem filename="C:\Users\ip\Documents\Visual Studio 2008\Projects\Genetic Algorithms\Genetic Algorithms\bin\Debug\Genetic Algorithms.dll" />
    </Deployment>
    <Hosts skipUnhostableTests="false" />
    <TestTypeSpecific />
  </TestRunConfiguration>
  <ResultSummary outcome="Completed">
    <Counters total="8" executed="8" passed="8" error="0" failed="0" timeout="0" aborted="0" inconclusive="0" passedButRunAborted="0" notRunnable="0" notExecuted="0" disconnected="0" warning="0" completed="0" inProgress="0" pending="0" />
  </ResultSummary>
  <Times creation="2009-11-27T00:32:41.3918280+01:00" queuing="2009-11-27T00:32:44.8499689+01:00" start="2009-11-27T00:32:46.1710444+01:00" finish="2009-11-27T00:32:51.1323170+01:00" />
  <TestDefinitions>
    <UnitTest name="TestBoolSumFitness" storage="c:\users\ip\documents\visual studio 2008\projects\genetic algorithms\testproject2\bin\debug\geneticalgorithmstest.dll" id="c56886d5-dedb-302e-560f-7d6494ac586f">
      <Css projectStructure="" iteration="" />
      <Owners>
        <Owner name="" />
      </Owners>
      <Execution id="78e602ce-8cce-497c-a82f-b52e67f8d82f" />
      <TestMethod codeBase="C:\Users\ip\Documents\Visual Studio 2008\Projects\Genetic Algorithms\TestProject2\bin\Debug\GeneticAlgorithmsTest.dll" adapterTypeName="Microsoft.VisualStudio.TestTools.TestTypes.Unit.UnitTestAdapter, Microsoft.VisualStudio.QualityTools.Tips.UnitTest.Adapter, Version=9.0.0.0, Culture=neutral, PublicKeyToken=b03f5f7f11d50a3a" className="GeneticAlgorithmsTest.GeneticAlgorithmsTest, GeneticAlgorithmsTest" name="TestBoolSumFitness" />
    </UnitTest>
    <UnitTest name="TestAsymetricCrossoverRecombinator" storage="c:\users\ip\documents\visual studio 2008\projects\genetic algorithms\testproject2\bin\debug\geneticalgorithmstest.dll" id="2421bfbf-7080-4477-2162-1ee41334efa8">
      <Css projectStructure="" iteration="" />
      <Owners>
        <Owner name="" />
      </Owners>
      <Execution id="3111d7d6-f1ef-4da2-a496-c039d7c79f9d" />
      <TestMethod codeBase="C:\Users\ip\Documents\Visual Studio 2008\Projects\Genetic Algorithms\TestProject2\bin\Debug\GeneticAlgorithmsTest.dll" adapterTypeName="Microsoft.VisualStudio.TestTools.TestTypes.Unit.UnitTestAdapter, Microsoft.VisualStudio.QualityTools.Tips.UnitTest.Adapter, Version=9.0.0.0, Culture=neutral, PublicKeyToken=b03f5f7f11d50a3a" className="GeneticAlgorithmsTest.GeneticAlgorithmsTest, GeneticAlgorithmsTest" name="TestAsymetricCrossoverRecombinator" />
    </UnitTest>
    <UnitTest name="TestCrossoverRecombinatorException" storage="c:\users\ip\documents\visual studio 2008\projects\genetic algorithms\testproject2\bin\debug\geneticalgorithmstest.dll" id="854ca284-e220-5b8e-9395-04256e2424fd">
      <Css projectStructure="" iteration="" />
      <Owners>
        <Owner name="" />
      </Owners>
      <Execution id="0af40fa8-a7b1-4303-87ee-c17761d8a97b" />
      <TestMethod codeBase="C:\Users\ip\Documents\Visual Studio 2008\Projects\Genetic Algorithms\TestProject2\bin\Debug\GeneticAlgorithmsTest.dll" adapterTypeName="Microsoft.VisualStudio.TestTools.TestTypes.Unit.UnitTestAdapter, Microsoft.VisualStudio.QualityTools.Tips.UnitTest.Adapter, Version=9.0.0.0, Culture=neutral, PublicKeyToken=b03f5f7f11d50a3a" className="GeneticAlgorithmsTest.GeneticAlgorithmsTest, GeneticAlgorithmsTest" name="TestCrossoverRecombinatorException" />
    </UnitTest>
    <UnitTest name="TestBoolGene" storage="c:\users\ip\documents\visual studio 2008\projects\genetic algorithms\testproject2\bin\debug\geneticalgorithmstest.dll" id="c42d77d0-d2d3-1c01-2cf4-17ef2ebf7937">
      <Css projectStructure="" iteration="" />
      <Owners>
        <Owner name="" />
      </Owners>
      <Execution id="1278aafb-1358-4074-92ad-7376c82cc122" />
      <TestMethod codeBase="C:\Users\ip\Documents\Visual Studio 2008\Projects\Genetic Algorithms\TestProject2\bin\Debug\GeneticAlgorithmsTest.dll" adapterTypeName="Microsoft.VisualStudio.TestTools.TestTypes.Unit.UnitTestAdapter, Microsoft.VisualStudio.QualityTools.Tips.UnitTest.Adapter, Version=9.0.0.0, Culture=neutral, PublicKeyToken=b03f5f7f11d50a3a" className="GeneticAlgorithmsTest.GeneticAlgorithmsTest, GeneticAlgorithmsTest" name="TestBoolGene" />
    </UnitTest>
    <UnitTest name="TestBoolChromosome" storage="c:\users\ip\documents\visual studio 2008\projects\genetic algorithms\testproject2\bin\debug\geneticalgorithmstest.dll" id="613f8c3e-b979-f751-2032-05139698d236">
      <Css projectStructure="" iteration="" />
      <Owners>
        <Owner name="" />
      </Owners>
      <Execution id="3d06ceb4-5b6e-4654-b2f7-b0fb5c71c12e" />
      <TestMethod codeBase="C:\Users\ip\Documents\Visual Studio 2008\Projects\Genetic Algorithms\TestProject2\bin\Debug\GeneticAlgorithmsTest.dll" adapterTypeName="Microsoft.VisualStudio.TestTools.TestTypes.Unit.UnitTestAdapter, Microsoft.VisualStudio.QualityTools.Tips.UnitTest.Adapter, Version=9.0.0.0, Culture=neutral, PublicKeyToken=b03f5f7f11d50a3a" className="GeneticAlgorithmsTest.GeneticAlgorithmsTest, GeneticAlgorithmsTest" name="TestBoolChromosome" />
    </UnitTest>
    <UnitTest name="TestAsymmetricZipRecombinator" storage="c:\users\ip\documents\visual studio 2008\projects\genetic algorithms\testproject2\bin\debug\geneticalgorithmstest.dll" id="3d637925-288d-6719-3b43-972e1aa56bf1">
      <Css projectStructure="" iteration="" />
      <Owners>
        <Owner name="" />
      </Owners>
      <Execution id="3a557985-34ed-4f52-bd4a-ca6a28fe85cf" />
      <TestMethod codeBase="C:\Users\ip\Documents\Visual Studio 2008\Projects\Genetic Algorithms\TestProject2\bin\Debug\GeneticAlgorithmsTest.dll" adapterTypeName="Microsoft.VisualStudio.TestTools.TestTypes.Unit.UnitTestAdapter, Microsoft.VisualStudio.QualityTools.Tips.UnitTest.Adapter, Version=9.0.0.0, Culture=neutral, PublicKeyToken=b03f5f7f11d50a3a" className="GeneticAlgorithmsTest.GeneticAlgorithmsTest, GeneticAlgorithmsTest" name="TestAsymmetricZipRecombinator" />
    </UnitTest>
    <UnitTest name="TestGeneticSimulation" storage="c:\users\ip\documents\visual studio 2008\projects\genetic algorithms\testproject2\bin\debug\geneticalgorithmstest.dll" id="1bc62088-5ed8-6de0-a1a2-26ce862841b9">
      <Css projectStructure="" iteration="" />
      <Owners>
        <Owner name="" />
      </Owners>
      <Execution id="362571bd-3277-41d9-b284-0a9083a97685" />
      <TestMethod codeBase="C:\Users\ip\Documents\Visual Studio 2008\Projects\Genetic Algorithms\TestProject2\bin\Debug\GeneticAlgorithmsTest.dll" adapterTypeName="Microsoft.VisualStudio.TestTools.TestTypes.Unit.UnitTestAdapter, Microsoft.VisualStudio.QualityTools.Tips.UnitTest.Adapter, Version=9.0.0.0, Culture=neutral, PublicKeyToken=b03f5f7f11d50a3a" className="GeneticAlgorithmsTest.GeneticAlgorithmsTest, GeneticAlgorithmsTest" name="TestGeneticSimulation" />
    </UnitTest>
    <UnitTest name="TestCrossoverRecombinator" storage="c:\users\ip\documents\visual studio 2008\projects\genetic algorithms\testproject2\bin\debug\geneticalgorithmstest.dll" id="62ab115f-261a-b95d-499b-cfd1460ab12e">
      <Css projectStructure="" iteration="" />
      <Owners>
        <Owner name="" />
      </Owners>
      <Execution id="39a149e5-7655-4cb9-a5da-cdd7fce0f9e7" />
      <TestMethod codeBase="C:\Users\ip\Documents\Visual Studio 2008\Projects\Genetic Algorithms\TestProject2\bin\Debug\GeneticAlgorithmsTest.dll" adapterTypeName="Microsoft.VisualStudio.TestTools.TestTypes.Unit.UnitTestAdapter, Microsoft.VisualStudio.QualityTools.Tips.UnitTest.Adapter, Version=9.0.0.0, Culture=neutral, PublicKeyToken=b03f5f7f11d50a3a" className="GeneticAlgorithmsTest.GeneticAlgorithmsTest, GeneticAlgorithmsTest" name="TestCrossoverRecombinator" />
    </UnitTest>
  </TestDefinitions>
  <TestLists>
    <TestList name="Nicht in einer Liste enthaltene Ergebnisse" id="8c84fa94-04c1-424b-9868-57a2d4851a1d" />
    <TestList name="Alle geladenen Ergebnisse" id="19431567-8539-422a-85d7-44ee4e166bda" />
  </TestLists>
  <TestEntries>
    <TestEntry testId="1bc62088-5ed8-6de0-a1a2-26ce862841b9" executionId="362571bd-3277-41d9-b284-0a9083a97685" testListId="8c84fa94-04c1-424b-9868-57a2d4851a1d" />
    <TestEntry testId="2421bfbf-7080-4477-2162-1ee41334efa8" executionId="3111d7d6-f1ef-4da2-a496-c039d7c79f9d" testListId="8c84fa94-04c1-424b-9868-57a2d4851a1d" />
    <TestEntry testId="3d637925-288d-6719-3b43-972e1aa56bf1" executionId="3a557985-34ed-4f52-bd4a-ca6a28fe85cf" testListId="8c84fa94-04c1-424b-9868-57a2d4851a1d" />
    <TestEntry testId="613f8c3e-b979-f751-2032-05139698d236" executionId="3d06ceb4-5b6e-4654-b2f7-b0fb5c71c12e" testListId="8c84fa94-04c1-424b-9868-57a2d4851a1d" />
    <TestEntry testId="62ab115f-261a-b95d-499b-cfd1460ab12e" executionId="39a149e5-7655-4cb9-a5da-cdd7fce0f9e7" testListId="8c84fa94-04c1-424b-9868-57a2d4851a1d" />
    <TestEntry testId="854ca284-e220-5b8e-9395-04256e2424fd" executionId="0af40fa8-a7b1-4303-87ee-c17761d8a97b" testListId="8c84fa94-04c1-424b-9868-57a2d4851a1d" />
    <TestEntry testId="c42d77d0-d2d3-1c01-2cf4-17ef2ebf7937" executionId="1278aafb-1358-4074-92ad-7376c82cc122" testListId="8c84fa94-04c1-424b-9868-57a2d4851a1d" />
    <TestEntry testId="c56886d5-dedb-302e-560f-7d6494ac586f" executionId="78e602ce-8cce-497c-a82f-b52e67f8d82f" testListId="8c84fa94-04c1-424b-9868-57a2d4851a1d" />
  </TestEntries>
  <Results>
    <UnitTestResult executionId="362571bd-3277-41d9-b284-0a9083a97685" testId="1bc62088-5ed8-6de0-a1a2-26ce862841b9" testName="TestGeneticSimulation" computerName="ZAUBERWERKSTATT" duration="00:00:00.4840469" startTime="2009-11-27T00:32:47.1861025+01:00" endTime="2009-11-27T00:32:48.0221469+01:00" testType="13cdc9d9-ddb5-4fa4-a97d-d965ccfc6d4b" outcome="Passed" testListId="8c84fa94-04c1-424b-9868-57a2d4851a1d">
      <Output>
      </Output>
    </UnitTestResult>
    <UnitTestResult executionId="3111d7d6-f1ef-4da2-a496-c039d7c79f9d" testId="2421bfbf-7080-4477-2162-1ee41334efa8" testName="TestAsymetricCrossoverRecombinator" computerName="ZAUBERWERKSTATT" duration="00:00:00.0013107" startTime="2009-11-27T00:32:48.0331476+01:00" endTime="2009-11-27T00:32:48.3391651+01:00" testType="13cdc9d9-ddb5-4fa4-a97d-d965ccfc6d4b" outcome="Passed" testListId="8c84fa94-04c1-424b-9868-57a2d4851a1d">
      <Output>
      </Output>
    </UnitTestResult>
    <UnitTestResult executionId="3a557985-34ed-4f52-bd4a-ca6a28fe85cf" testId="3d637925-288d-6719-3b43-972e1aa56bf1" testName="TestAsymmetricZipRecombinator" computerName="ZAUBERWERKSTATT" duration="00:00:00.0014273" startTime="2009-11-27T00:32:48.3501651+01:00" endTime="2009-11-27T00:32:48.3601652+01:00" testType="13cdc9d9-ddb5-4fa4-a97d-d965ccfc6d4b" outcome="Passed" testListId="8c84fa94-04c1-424b-9868-57a2d4851a1d">
      <Output>
      </Output>
    </UnitTestResult>
    <UnitTestResult executionId="3d06ceb4-5b6e-4654-b2f7-b0fb5c71c12e" testId="613f8c3e-b979-f751-2032-05139698d236" testName="TestBoolChromosome" computerName="ZAUBERWERKSTATT" duration="00:00:00.0010632" startTime="2009-11-27T00:32:48.4011653+01:00" endTime="2009-11-27T00:32:48.5551741+01:00" testType="13cdc9d9-ddb5-4fa4-a97d-d965ccfc6d4b" outcome="Passed" testListId="8c84fa94-04c1-424b-9868-57a2d4851a1d">
      <Output>
      </Output>
    </UnitTestResult>
    <UnitTestResult executionId="39a149e5-7655-4cb9-a5da-cdd7fce0f9e7" testId="62ab115f-261a-b95d-499b-cfd1460ab12e" testName="TestCrossoverRecombinator" computerName="ZAUBERWERKSTATT" duration="00:00:00.0012965" startTime="2009-11-27T00:32:48.6081771+01:00" endTime="2009-11-27T00:32:48.8411904+01:00" testType="13cdc9d9-ddb5-4fa4-a97d-d965ccfc6d4b" outcome="Passed" testListId="8c84fa94-04c1-424b-9868-57a2d4851a1d">
      <Output>
      </Output>
    </UnitTestResult>
    <UnitTestResult executionId="0af40fa8-a7b1-4303-87ee-c17761d8a97b" testId="854ca284-e220-5b8e-9395-04256e2424fd" testName="TestCrossoverRecombinatorException" computerName="ZAUBERWERKSTATT" duration="00:00:00.0098340" startTime="2009-11-27T00:32:48.8531911+01:00" endTime="2009-11-27T00:32:50.4972852+01:00" testType="13cdc9d9-ddb5-4fa4-a97d-d965ccfc6d4b" outcome="Passed" testListId="8c84fa94-04c1-424b-9868-57a2d4851a1d">
      <Output>
      </Output>
    </UnitTestResult>
    <UnitTestResult executionId="1278aafb-1358-4074-92ad-7376c82cc122" testId="c42d77d0-d2d3-1c01-2cf4-17ef2ebf7937" testName="TestBoolGene" computerName="ZAUBERWERKSTATT" duration="00:00:00.0010430" startTime="2009-11-27T00:32:50.5072857+01:00" endTime="2009-11-27T00:32:51.0423163+01:00" testType="13cdc9d9-ddb5-4fa4-a97d-d965ccfc6d4b" outcome="Passed" testListId="8c84fa94-04c1-424b-9868-57a2d4851a1d">
      <Output>
      </Output>
    </UnitTestResult>
    <UnitTestResult executionId="78e602ce-8cce-497c-a82f-b52e67f8d82f" testId="c56886d5-dedb-302e-560f-7d6494ac586f" testName="TestBoolSumFitness" computerName="ZAUBERWERKSTATT" duration="00:00:00.0013172" startTime="2009-11-27T00:32:51.0513169+01:00" endTime="2009-11-27T00:32:51.0623169+01:00" testType="13cdc9d9-ddb5-4fa4-a97d-d965ccfc6d4b" outcome="Passed" testListId="8c84fa94-04c1-424b-9868-57a2d4851a1d">
      <Output>
      </Output>
    </UnitTestResult>
  </Results>
</TestRun>