<?xml version="1.0" encoding="UTF-8"?>
<TestRun id="9831fe7e-7236-46d2-9c08-8e22daf5478c" name="ip@ZAUBERWERKSTATT 2009-11-27 00:21:00" runUser="zauberwerkstatt\ip" xmlns="http://microsoft.com/schemas/VisualStudio/TeamTest/2006">
  <TestRunConfiguration name="Standard-Testlaufkonfiguration" id="5fe15960-5178-4142-a481-37d0b32352c6">
    <Deployment runDeploymentRoot="C:\Users\ip\Documents\Visual Studio 2008\Projects\Genetic Algorithms\TestResults\ip_ZAUBERWERKSTATT 2009-11-27 00_21_00">
      <DeploymentItem filename="C:\Users\ip\Documents\Visual Studio 2008\Projects\Genetic Algorithms\Genetic Algorithms\bin\Debug\Genetic Algorithms.dll" />
    </Deployment>
    <Hosts skipUnhostableTests="false" />
    <TestTypeSpecific />
  </TestRunConfiguration>
  <ResultSummary outcome="Completed">
    <Counters total="8" executed="8" passed="8" error="0" failed="0" timeout="0" aborted="0" inconclusive="0" passedButRunAborted="0" notRunnable="0" notExecuted="0" disconnected="0" warning="0" completed="0" inProgress="0" pending="0" />
  </ResultSummary>
  <Times creation="2009-11-27T00:21:00.4591329+01:00" queuing="2009-11-27T00:21:02.2451681+01:00" start="2009-11-27T00:21:02.3831738+01:00" finish="2009-11-27T00:21:04.7362849+01:00" />
  <TestDefinitions>
    <UnitTest name="TestBoolSumFitness" storage="c:\users\ip\documents\visual studio 2008\projects\genetic algorithms\testproject2\bin\debug\geneticalgorithmstest.dll" id="c56886d5-dedb-302e-560f-7d6494ac586f">
      <Css projectStructure="" iteration="" />
      <Owners>
        <Owner name="" />
      </Owners>
      <Execution id="7f340b18-f2e4-4bde-9bee-8ca2620c0f82" />
      <TestMethod codeBase="C:\Users\ip\Documents\Visual Studio 2008\Projects\Genetic Algorithms\TestProject2\bin\Debug\GeneticAlgorithmsTest.dll" adapterTypeName="Microsoft.VisualStudio.TestTools.TestTypes.Unit.UnitTestAdapter, Microsoft.VisualStudio.QualityTools.Tips.UnitTest.Adapter, Version=9.0.0.0, Culture=neutral, PublicKeyToken=b03f5f7f11d50a3a" className="GeneticAlgorithmsTest.GeneticAlgorithmsTest, GeneticAlgorithmsTest" name="TestBoolSumFitness" />
    </UnitTest>
    <UnitTest name="TestAsymetricCrossoverRecombinator" storage="c:\users\ip\documents\visual studio 2008\projects\genetic algorithms\testproject2\bin\debug\geneticalgorithmstest.dll" id="2421bfbf-7080-4477-2162-1ee41334efa8">
      <Css projectStructure="" iteration="" />
      <Owners>
        <Owner name="" />
      </Owners>
      <Execution id="e4146fbf-f0bd-44f7-b6d4-afe25b063ee7" />
      <TestMethod codeBase="C:\Users\ip\Documents\Visual Studio 2008\Projects\Genetic Algorithms\TestProject2\bin\Debug\GeneticAlgorithmsTest.dll" adapterTypeName="Microsoft.VisualStudio.TestTools.TestTypes.Unit.UnitTestAdapter, Microsoft.VisualStudio.QualityTools.Tips.UnitTest.Adapter, Version=9.0.0.0, Culture=neutral, PublicKeyToken=b03f5f7f11d50a3a" className="GeneticAlgorithmsTest.GeneticAlgorithmsTest, GeneticAlgorithmsTest" name="TestAsymetricCrossoverRecombinator" />
    </UnitTest>
    <UnitTest name="TestCrossoverRecombinatorException" storage="c:\users\ip\documents\visual studio 2008\projects\genetic algorithms\testproject2\bin\debug\geneticalgorithmstest.dll" id="854ca284-e220-5b8e-9395-04256e2424fd">
      <Css projectStructure="" iteration="" />
      <Owners>
        <Owner name="" />
      </Owners>
      <Execution id="8ae0bed3-ab83-4869-b07c-ea8795f00a62" />
      <TestMethod codeBase="C:\Users\ip\Documents\Visual Studio 2008\Projects\Genetic Algorithms\TestProject2\bin\Debug\GeneticAlgorithmsTest.dll" adapterTypeName="Microsoft.VisualStudio.TestTools.TestTypes.Unit.UnitTestAdapter, Microsoft.VisualStudio.QualityTools.Tips.UnitTest.Adapter, Version=9.0.0.0, Culture=neutral, PublicKeyToken=b03f5f7f11d50a3a" className="GeneticAlgorithmsTest.GeneticAlgorithmsTest, GeneticAlgorithmsTest" name="TestCrossoverRecombinatorException" />
    </UnitTest>
    <UnitTest name="TestBoolGene" storage="c:\users\ip\documents\visual studio 2008\projects\genetic algorithms\testproject2\bin\debug\geneticalgorithmstest.dll" id="c42d77d0-d2d3-1c01-2cf4-17ef2ebf7937">
      <Css projectStructure="" iteration="" />
      <Owners>
        <Owner name="" />
      </Owners>
      <Execution id="a384eddf-52b8-487c-9086-326a24fb4e68" />
      <TestMethod codeBase="C:\Users\ip\Documents\Visual Studio 2008\Projects\Genetic Algorithms\TestProject2\bin\Debug\GeneticAlgorithmsTest.dll" adapterTypeName="Microsoft.VisualStudio.TestTools.TestTypes.Unit.UnitTestAdapter, Microsoft.VisualStudio.QualityTools.Tips.UnitTest.Adapter, Version=9.0.0.0, Culture=neutral, PublicKeyToken=b03f5f7f11d50a3a" className="GeneticAlgorithmsTest.GeneticAlgorithmsTest, GeneticAlgorithmsTest" name="TestBoolGene" />
    </UnitTest>
    <UnitTest name="TestBoolChromosome" storage="c:\users\ip\documents\visual studio 2008\projects\genetic algorithms\testproject2\bin\debug\geneticalgorithmstest.dll" id="613f8c3e-b979-f751-2032-05139698d236">
      <Css projectStructure="" iteration="" />
      <Owners>
        <Owner name="" />
      </Owners>
      <Execution id="8317dd60-23ce-463a-8f6f-ebb5c6050123" />
      <TestMethod codeBase="C:\Users\ip\Documents\Visual Studio 2008\Projects\Genetic Algorithms\TestProject2\bin\Debug\GeneticAlgorithmsTest.dll" adapterTypeName="Microsoft.VisualStudio.TestTools.TestTypes.Unit.UnitTestAdapter, Microsoft.VisualStudio.QualityTools.Tips.UnitTest.Adapter, Version=9.0.0.0, Culture=neutral, PublicKeyToken=b03f5f7f11d50a3a" className="GeneticAlgorithmsTest.GeneticAlgorithmsTest, GeneticAlgorithmsTest" name="TestBoolChromosome" />
    </UnitTest>
    <UnitTest name="TestAsymmetricZipRecombinator" storage="c:\users\ip\documents\visual studio 2008\projects\genetic algorithms\testproject2\bin\debug\geneticalgorithmstest.dll" id="3d637925-288d-6719-3b43-972e1aa56bf1">
      <Css projectStructure="" iteration="" />
      <Owners>
        <Owner name="" />
      </Owners>
      <Execution id="d9f18020-72e6-4514-a96e-0e66327bd617" />
      <TestMethod codeBase="C:\Users\ip\Documents\Visual Studio 2008\Projects\Genetic Algorithms\TestProject2\bin\Debug\GeneticAlgorithmsTest.dll" adapterTypeName="Microsoft.VisualStudio.TestTools.TestTypes.Unit.UnitTestAdapter, Microsoft.VisualStudio.QualityTools.Tips.UnitTest.Adapter, Version=9.0.0.0, Culture=neutral, PublicKeyToken=b03f5f7f11d50a3a" className="GeneticAlgorithmsTest.GeneticAlgorithmsTest, GeneticAlgorithmsTest" name="TestAsymmetricZipRecombinator" />
    </UnitTest>
    <UnitTest name="TestGeneticSimulation" storage="c:\users\ip\documents\visual studio 2008\projects\genetic algorithms\testproject2\bin\debug\geneticalgorithmstest.dll" id="1bc62088-5ed8-6de0-a1a2-26ce862841b9">
      <Css projectStructure="" iteration="" />
      <Owners>
        <Owner name="" />
      </Owners>
      <Execution id="9535120d-6b8c-420e-bd9d-fedb0448dba2" />
      <TestMethod codeBase="C:\Users\ip\Documents\Visual Studio 2008\Projects\Genetic Algorithms\TestProject2\bin\Debug\GeneticAlgorithmsTest.dll" adapterTypeName="Microsoft.VisualStudio.TestTools.TestTypes.Unit.UnitTestAdapter, Microsoft.VisualStudio.QualityTools.Tips.UnitTest.Adapter, Version=9.0.0.0, Culture=neutral, PublicKeyToken=b03f5f7f11d50a3a" className="GeneticAlgorithmsTest.GeneticAlgorithmsTest, GeneticAlgorithmsTest" name="TestGeneticSimulation" />
    </UnitTest>
    <UnitTest name="TestCrossoverRecombinator" storage="c:\users\ip\documents\visual studio 2008\projects\genetic algorithms\testproject2\bin\debug\geneticalgorithmstest.dll" id="62ab115f-261a-b95d-499b-cfd1460ab12e">
      <Css projectStructure="" iteration="" />
      <Owners>
        <Owner name="" />
      </Owners>
      <Execution id="a3fc53fa-f7f5-41b1-ab91-87d88936dcb3" />
      <TestMethod codeBase="C:\Users\ip\Documents\Visual Studio 2008\Projects\Genetic Algorithms\TestProject2\bin\Debug\GeneticAlgorithmsTest.dll" adapterTypeName="Microsoft.VisualStudio.TestTools.TestTypes.Unit.UnitTestAdapter, Microsoft.VisualStudio.QualityTools.Tips.UnitTest.Adapter, Version=9.0.0.0, Culture=neutral, PublicKeyToken=b03f5f7f11d50a3a" className="GeneticAlgorithmsTest.GeneticAlgorithmsTest, GeneticAlgorithmsTest" name="TestCrossoverRecombinator" />
    </UnitTest>
  </TestDefinitions>
  <TestLists>
    <TestList name="Nicht in einer Liste enthaltene Ergebnisse" id="8c84fa94-04c1-424b-9868-57a2d4851a1d" />
    <TestList name="Alle geladenen Ergebnisse" id="19431567-8539-422a-85d7-44ee4e166bda" />
  </TestLists>
  <TestEntries>
    <TestEntry testId="1bc62088-5ed8-6de0-a1a2-26ce862841b9" executionId="9535120d-6b8c-420e-bd9d-fedb0448dba2" testListId="8c84fa94-04c1-424b-9868-57a2d4851a1d" />
    <TestEntry testId="2421bfbf-7080-4477-2162-1ee41334efa8" executionId="e4146fbf-f0bd-44f7-b6d4-afe25b063ee7" testListId="8c84fa94-04c1-424b-9868-57a2d4851a1d" />
    <TestEntry testId="3d637925-288d-6719-3b43-972e1aa56bf1" executionId="d9f18020-72e6-4514-a96e-0e66327bd617" testListId="8c84fa94-04c1-424b-9868-57a2d4851a1d" />
    <TestEntry testId="613f8c3e-b979-f751-2032-05139698d236" executionId="8317dd60-23ce-463a-8f6f-ebb5c6050123" testListId="8c84fa94-04c1-424b-9868-57a2d4851a1d" />
    <TestEntry testId="62ab115f-261a-b95d-499b-cfd1460ab12e" executionId="a3fc53fa-f7f5-41b1-ab91-87d88936dcb3" testListId="8c84fa94-04c1-424b-9868-57a2d4851a1d" />
    <TestEntry testId="854ca284-e220-5b8e-9395-04256e2424fd" executionId="8ae0bed3-ab83-4869-b07c-ea8795f00a62" testListId="8c84fa94-04c1-424b-9868-57a2d4851a1d" />
    <TestEntry testId="c42d77d0-d2d3-1c01-2cf4-17ef2ebf7937" executionId="a384eddf-52b8-487c-9086-326a24fb4e68" testListId="8c84fa94-04c1-424b-9868-57a2d4851a1d" />
    <TestEntry testId="c56886d5-dedb-302e-560f-7d6494ac586f" executionId="7f340b18-f2e4-4bde-9bee-8ca2620c0f82" testListId="8c84fa94-04c1-424b-9868-57a2d4851a1d" />
  </TestEntries>
  <Results>
    <UnitTestResult executionId="9535120d-6b8c-420e-bd9d-fedb0448dba2" testId="1bc62088-5ed8-6de0-a1a2-26ce862841b9" testName="TestGeneticSimulation" computerName="ZAUBERWERKSTATT" duration="00:00:00.5132926" startTime="2009-11-27T00:21:03.8352568+01:00" endTime="2009-11-27T00:21:04.5372831+01:00" testType="13cdc9d9-ddb5-4fa4-a97d-d965ccfc6d4b" outcome="Passed" testListId="8c84fa94-04c1-424b-9868-57a2d4851a1d">
      <Output>
      </Output>
    </UnitTestResult>
    <UnitTestResult executionId="e4146fbf-f0bd-44f7-b6d4-afe25b063ee7" testId="2421bfbf-7080-4477-2162-1ee41334efa8" testName="TestAsymetricCrossoverRecombinator" computerName="ZAUBERWERKSTATT" duration="00:00:00.0057339" startTime="2009-11-27T00:21:04.5572842+01:00" endTime="2009-11-27T00:21:04.5672842+01:00" testType="13cdc9d9-ddb5-4fa4-a97d-d965ccfc6d4b" outcome="Passed" testListId="8c84fa94-04c1-424b-9868-57a2d4851a1d">
      <Output>
      </Output>
    </UnitTestResult>
    <UnitTestResult executionId="d9f18020-72e6-4514-a96e-0e66327bd617" testId="3d637925-288d-6719-3b43-972e1aa56bf1" testName="TestAsymmetricZipRecombinator" computerName="ZAUBERWERKSTATT" duration="00:00:00.0016458" startTime="2009-11-27T00:21:04.5772842+01:00" endTime="2009-11-27T00:21:04.5872842+01:00" testType="13cdc9d9-ddb5-4fa4-a97d-d965ccfc6d4b" outcome="Passed" testListId="8c84fa94-04c1-424b-9868-57a2d4851a1d">
      <Output>
      </Output>
    </UnitTestResult>
    <UnitTestResult executionId="8317dd60-23ce-463a-8f6f-ebb5c6050123" testId="613f8c3e-b979-f751-2032-05139698d236" testName="TestBoolChromosome" computerName="ZAUBERWERKSTATT" duration="00:00:00.0018500" startTime="2009-11-27T00:21:04.5972843+01:00" endTime="2009-11-27T00:21:04.6072843+01:00" testType="13cdc9d9-ddb5-4fa4-a97d-d965ccfc6d4b" outcome="Passed" testListId="8c84fa94-04c1-424b-9868-57a2d4851a1d">
      <Output>
      </Output>
    </UnitTestResult>
    <UnitTestResult executionId="a3fc53fa-f7f5-41b1-ab91-87d88936dcb3" testId="62ab115f-261a-b95d-499b-cfd1460ab12e" testName="TestCrossoverRecombinator" computerName="ZAUBERWERKSTATT" duration="00:00:00.0010891" startTime="2009-11-27T00:21:04.6072843+01:00" endTime="2009-11-27T00:21:04.6172843+01:00" testType="13cdc9d9-ddb5-4fa4-a97d-d965ccfc6d4b" outcome="Passed" testListId="8c84fa94-04c1-424b-9868-57a2d4851a1d">
      <Output>
      </Output>
    </UnitTestResult>
    <UnitTestResult executionId="8ae0bed3-ab83-4869-b07c-ea8795f00a62" testId="854ca284-e220-5b8e-9395-04256e2424fd" testName="TestCrossoverRecombinatorException" computerName="ZAUBERWERKSTATT" duration="00:00:00.0109558" startTime="2009-11-27T00:21:04.6172843+01:00" endTime="2009-11-27T00:21:04.6372843+01:00" testType="13cdc9d9-ddb5-4fa4-a97d-d965ccfc6d4b" outcome="Passed" testListId="8c84fa94-04c1-424b-9868-57a2d4851a1d">
      <Output>
      </Output>
    </UnitTestResult>
    <UnitTestResult executionId="a384eddf-52b8-487c-9086-326a24fb4e68" testId="c42d77d0-d2d3-1c01-2cf4-17ef2ebf7937" testName="TestBoolGene" computerName="ZAUBERWERKSTATT" duration="00:00:00.0007879" startTime="2009-11-27T00:21:04.6472843+01:00" endTime="2009-11-27T00:21:04.6472843+01:00" testType="13cdc9d9-ddb5-4fa4-a97d-d965ccfc6d4b" outcome="Passed" testListId="8c84fa94-04c1-424b-9868-57a2d4851a1d">
      <Output>
      </Output>
    </UnitTestResult>
    <UnitTestResult executionId="7f340b18-f2e4-4bde-9bee-8ca2620c0f82" testId="c56886d5-dedb-302e-560f-7d6494ac586f" testName="TestBoolSumFitness" computerName="ZAUBERWERKSTATT" duration="00:00:00.0013044" startTime="2009-11-27T00:21:04.6572843+01:00" endTime="2009-11-27T00:21:04.6672843+01:00" testType="13cdc9d9-ddb5-4fa4-a97d-d965ccfc6d4b" outcome="Passed" testListId="8c84fa94-04c1-424b-9868-57a2d4851a1d">
      <Output>
      </Output>
    </UnitTestResult>
  </Results>
</TestRun>