<?xml version="1.0" encoding="UTF-8"?>
<TestRun id="4e6f671c-3135-4e8b-8701-1387142dc6c5" name="ip@ZAUBERWERKSTATT 2009-11-26 23:28:57" runUser="zauberwerkstatt\ip" xmlns="http://microsoft.com/schemas/VisualStudio/TeamTest/2006">
  <TestRunConfiguration name="Standard-Testlaufkonfiguration" id="45cbe5d6-539d-4336-ba48-e9e817b6c2da">
    <Deployment runDeploymentRoot="C:\Users\ip\Documents\Visual Studio 2008\Projects\Genetic Algorithms\TestResults\ip_ZAUBERWERKSTATT 2009-11-26 23_28_57">
      <DeploymentItem filename="C:\Users\ip\Documents\Visual Studio 2008\Projects\Genetic Algorithms\Genetic Algorithms\bin\Debug\Genetic Algorithms.dll" />
    </Deployment>
    <Hosts skipUnhostableTests="false" />
    <TestTypeSpecific />
  </TestRunConfiguration>
  <ResultSummary outcome="Error">
    <Counters total="8" executed="3" passed="2" error="0" failed="0" timeout="0" aborted="1" inconclusive="0" passedButRunAborted="0" notRunnable="0" notExecuted="5" disconnected="0" warning="0" completed="0" inProgress="0" pending="0" />
    <RunInfos>
      <RunInfo computerName="ZAUBERWERKSTATT" outcome="Error" timestamp="2009-11-26T23:29:40.2296131+01:00">
        <Text>Test host process exited unexpectedly.</Text>
      </RunInfo>
    </RunInfos>
  </ResultSummary>
  <Times creation="2009-11-26T23:28:57.4774154+01:00" queuing="2009-11-26T23:28:59.5834594+01:00" start="2009-11-26T23:28:59.7374620+01:00" finish="2009-11-26T23:29:40.2296131+01:00" />
  <TestDefinitions>
    <UnitTest name="TestBoolSumFitness" storage="c:\users\ip\documents\visual studio 2008\projects\genetic algorithms\testproject2\bin\debug\geneticalgorithmstest.dll" id="c56886d5-dedb-302e-560f-7d6494ac586f">
      <Css projectStructure="" iteration="" />
      <Owners>
        <Owner name="" />
      </Owners>
      <Execution id="e01531c0-faf3-4979-876d-501785420eb5" />
      <TestMethod codeBase="C:\Users\ip\Documents\Visual Studio 2008\Projects\Genetic Algorithms\TestProject2\bin\Debug\GeneticAlgorithmsTest.dll" adapterTypeName="Microsoft.VisualStudio.TestTools.TestTypes.Unit.UnitTestAdapter, Microsoft.VisualStudio.QualityTools.Tips.UnitTest.Adapter, Version=9.0.0.0, Culture=neutral, PublicKeyToken=b03f5f7f11d50a3a" className="GeneticAlgorithmsTest.GeneticAlgorithmsTest, GeneticAlgorithmsTest" name="TestBoolSumFitness" />
    </UnitTest>
    <UnitTest name="TestAsymetricCrossoverRecombinator" storage="c:\users\ip\documents\visual studio 2008\projects\genetic algorithms\testproject2\bin\debug\geneticalgorithmstest.dll" id="2421bfbf-7080-4477-2162-1ee41334efa8">
      <Css projectStructure="" iteration="" />
      <Owners>
        <Owner name="" />
      </Owners>
      <Execution id="e5ce000c-1868-4d19-a12f-bf2c4ebf0271" />
      <TestMethod codeBase="C:\Users\ip\Documents\Visual Studio 2008\Projects\Genetic Algorithms\TestProject2\bin\Debug\GeneticAlgorithmsTest.dll" adapterTypeName="Microsoft.VisualStudio.TestTools.TestTypes.Unit.UnitTestAdapter, Microsoft.VisualStudio.QualityTools.Tips.UnitTest.Adapter, Version=9.0.0.0, Culture=neutral, PublicKeyToken=b03f5f7f11d50a3a" className="GeneticAlgorithmsTest.GeneticAlgorithmsTest, GeneticAlgorithmsTest" name="TestAsymetricCrossoverRecombinator" />
    </UnitTest>
    <UnitTest name="TestCrossoverRecombinatorException" storage="c:\users\ip\documents\visual studio 2008\projects\genetic algorithms\testproject2\bin\debug\geneticalgorithmstest.dll" id="854ca284-e220-5b8e-9395-04256e2424fd">
      <Css projectStructure="" iteration="" />
      <Owners>
        <Owner name="" />
      </Owners>
      <Execution id="a6eaf168-bd97-4ddc-8dbc-fc5171992e01" />
      <TestMethod codeBase="C:\Users\ip\Documents\Visual Studio 2008\Projects\Genetic Algorithms\TestProject2\bin\Debug\GeneticAlgorithmsTest.dll" adapterTypeName="Microsoft.VisualStudio.TestTools.TestTypes.Unit.UnitTestAdapter, Microsoft.VisualStudio.QualityTools.Tips.UnitTest.Adapter, Version=9.0.0.0, Culture=neutral, PublicKeyToken=b03f5f7f11d50a3a" className="GeneticAlgorithmsTest.GeneticAlgorithmsTest, GeneticAlgorithmsTest" name="TestCrossoverRecombinatorException" />
    </UnitTest>
    <UnitTest name="TestBoolGene" storage="c:\users\ip\documents\visual studio 2008\projects\genetic algorithms\testproject2\bin\debug\geneticalgorithmstest.dll" id="c42d77d0-d2d3-1c01-2cf4-17ef2ebf7937">
      <Css projectStructure="" iteration="" />
      <Owners>
        <Owner name="" />
      </Owners>
      <Execution id="83e19864-0bc0-496f-b384-4706b5b7057e" />
      <TestMethod codeBase="C:\Users\ip\Documents\Visual Studio 2008\Projects\Genetic Algorithms\TestProject2\bin\Debug\GeneticAlgorithmsTest.dll" adapterTypeName="Microsoft.VisualStudio.TestTools.TestTypes.Unit.UnitTestAdapter, Microsoft.VisualStudio.QualityTools.Tips.UnitTest.Adapter, Version=9.0.0.0, Culture=neutral, PublicKeyToken=b03f5f7f11d50a3a" className="GeneticAlgorithmsTest.GeneticAlgorithmsTest, GeneticAlgorithmsTest" name="TestBoolGene" />
    </UnitTest>
    <UnitTest name="TestBoolChromosome" storage="c:\users\ip\documents\visual studio 2008\projects\genetic algorithms\testproject2\bin\debug\geneticalgorithmstest.dll" id="613f8c3e-b979-f751-2032-05139698d236">
      <Css projectStructure="" iteration="" />
      <Owners>
        <Owner name="" />
      </Owners>
      <Execution id="2346c512-641c-4084-9148-8f88eede4366" />
      <TestMethod codeBase="C:\Users\ip\Documents\Visual Studio 2008\Projects\Genetic Algorithms\TestProject2\bin\Debug\GeneticAlgorithmsTest.dll" adapterTypeName="Microsoft.VisualStudio.TestTools.TestTypes.Unit.UnitTestAdapter, Microsoft.VisualStudio.QualityTools.Tips.UnitTest.Adapter, Version=9.0.0.0, Culture=neutral, PublicKeyToken=b03f5f7f11d50a3a" className="GeneticAlgorithmsTest.GeneticAlgorithmsTest, GeneticAlgorithmsTest" name="TestBoolChromosome" />
    </UnitTest>
    <UnitTest name="TestAsymmetricZipRecombinator" storage="c:\users\ip\documents\visual studio 2008\projects\genetic algorithms\testproject2\bin\debug\geneticalgorithmstest.dll" id="3d637925-288d-6719-3b43-972e1aa56bf1">
      <Css projectStructure="" iteration="" />
      <Owners>
        <Owner name="" />
      </Owners>
      <Execution id="cf8aca91-aabe-473f-8c01-a69e67b998ed" />
      <TestMethod codeBase="C:\Users\ip\Documents\Visual Studio 2008\Projects\Genetic Algorithms\TestProject2\bin\Debug\GeneticAlgorithmsTest.dll" adapterTypeName="Microsoft.VisualStudio.TestTools.TestTypes.Unit.UnitTestAdapter, Microsoft.VisualStudio.QualityTools.Tips.UnitTest.Adapter, Version=9.0.0.0, Culture=neutral, PublicKeyToken=b03f5f7f11d50a3a" className="GeneticAlgorithmsTest.GeneticAlgorithmsTest, GeneticAlgorithmsTest" name="TestAsymmetricZipRecombinator" />
    </UnitTest>
    <UnitTest name="TestGeneticSimulation" storage="c:\users\ip\documents\visual studio 2008\projects\genetic algorithms\testproject2\bin\debug\geneticalgorithmstest.dll" id="1bc62088-5ed8-6de0-a1a2-26ce862841b9">
      <Css projectStructure="" iteration="" />
      <Owners>
        <Owner name="" />
      </Owners>
      <Execution id="d4826b22-ed8c-44c1-8619-beeac8d3c5cd" />
      <TestMethod codeBase="C:\Users\ip\Documents\Visual Studio 2008\Projects\Genetic Algorithms\TestProject2\bin\Debug\GeneticAlgorithmsTest.dll" adapterTypeName="Microsoft.VisualStudio.TestTools.TestTypes.Unit.UnitTestAdapter, Microsoft.VisualStudio.QualityTools.Tips.UnitTest.Adapter, Version=9.0.0.0, Culture=neutral, PublicKeyToken=b03f5f7f11d50a3a" className="GeneticAlgorithmsTest.GeneticAlgorithmsTest, GeneticAlgorithmsTest" name="TestGeneticSimulation" />
    </UnitTest>
    <UnitTest name="TestCrossoverRecombinator" storage="c:\users\ip\documents\visual studio 2008\projects\genetic algorithms\testproject2\bin\debug\geneticalgorithmstest.dll" id="62ab115f-261a-b95d-499b-cfd1460ab12e">
      <Css projectStructure="" iteration="" />
      <Owners>
        <Owner name="" />
      </Owners>
      <Execution id="4663d800-7bb7-4bd0-968a-f44d8e23db8e" />
      <TestMethod codeBase="C:\Users\ip\Documents\Visual Studio 2008\Projects\Genetic Algorithms\TestProject2\bin\Debug\GeneticAlgorithmsTest.dll" adapterTypeName="Microsoft.VisualStudio.TestTools.TestTypes.Unit.UnitTestAdapter, Microsoft.VisualStudio.QualityTools.Tips.UnitTest.Adapter, Version=9.0.0.0, Culture=neutral, PublicKeyToken=b03f5f7f11d50a3a" className="GeneticAlgorithmsTest.GeneticAlgorithmsTest, GeneticAlgorithmsTest" name="TestCrossoverRecombinator" />
    </UnitTest>
  </TestDefinitions>
  <TestLists>
    <TestList name="Nicht in einer Liste enthaltene Ergebnisse" id="8c84fa94-04c1-424b-9868-57a2d4851a1d" />
    <TestList name="Alle geladenen Ergebnisse" id="19431567-8539-422a-85d7-44ee4e166bda" />
  </TestLists>
  <TestEntries>
    <TestEntry testId="1bc62088-5ed8-6de0-a1a2-26ce862841b9" executionId="d4826b22-ed8c-44c1-8619-beeac8d3c5cd" testListId="8c84fa94-04c1-424b-9868-57a2d4851a1d" />
    <TestEntry testId="2421bfbf-7080-4477-2162-1ee41334efa8" executionId="e5ce000c-1868-4d19-a12f-bf2c4ebf0271" testListId="8c84fa94-04c1-424b-9868-57a2d4851a1d" />
    <TestEntry testId="3d637925-288d-6719-3b43-972e1aa56bf1" executionId="bc750027-0d29-494e-bf0e-743e85f85297" testListId="8c84fa94-04c1-424b-9868-57a2d4851a1d" />
    <TestEntry testId="613f8c3e-b979-f751-2032-05139698d236" executionId="9d857108-a8a6-40bf-a88d-47b6011f4ff1" testListId="8c84fa94-04c1-424b-9868-57a2d4851a1d" />
    <TestEntry testId="62ab115f-261a-b95d-499b-cfd1460ab12e" executionId="079323b1-9f23-4d15-8ba6-7ba9f9e94944" testListId="8c84fa94-04c1-424b-9868-57a2d4851a1d" />
    <TestEntry testId="854ca284-e220-5b8e-9395-04256e2424fd" executionId="dec4f409-38ea-4ad8-9a7e-94b9b4d51340" testListId="8c84fa94-04c1-424b-9868-57a2d4851a1d" />
    <TestEntry testId="c42d77d0-d2d3-1c01-2cf4-17ef2ebf7937" executionId="8989089a-747c-4cac-bbf4-fed1f73efc6a" testListId="8c84fa94-04c1-424b-9868-57a2d4851a1d" />
    <TestEntry testId="c56886d5-dedb-302e-560f-7d6494ac586f" executionId="8a7e5bb2-af30-4ad2-8ce2-18a7eeff1071" testListId="8c84fa94-04c1-424b-9868-57a2d4851a1d" />
  </TestEntries>
  <Results>
    <UnitTestResult executionId="d4826b22-ed8c-44c1-8619-beeac8d3c5cd" testId="1bc62088-5ed8-6de0-a1a2-26ce862841b9" testName="TestGeneticSimulation" computerName="ZAUBERWERKSTATT" duration="00:00:00.5564738" startTime="2009-11-26T23:28:59.8514669+01:00" endTime="2009-11-26T23:29:00.6194997+01:00" testType="13cdc9d9-ddb5-4fa4-a97d-d965ccfc6d4b" outcome="Passed" testListId="8c84fa94-04c1-424b-9868-57a2d4851a1d">
      <Output>
      </Output>
    </UnitTestResult>
    <UnitTestResult executionId="e5ce000c-1868-4d19-a12f-bf2c4ebf0271" testId="2421bfbf-7080-4477-2162-1ee41334efa8" testName="TestAsymetricCrossoverRecombinator" computerName="ZAUBERWERKSTATT" duration="00:00:00.0012168" startTime="2009-11-26T23:29:00.6275001+01:00" endTime="2009-11-26T23:29:00.6325004+01:00" testType="13cdc9d9-ddb5-4fa4-a97d-d965ccfc6d4b" outcome="Passed" testListId="8c84fa94-04c1-424b-9868-57a2d4851a1d">
      <Output>
      </Output>
    </UnitTestResult>
    <UnitTestResult executionId="bc750027-0d29-494e-bf0e-743e85f85297" testId="3d637925-288d-6719-3b43-972e1aa56bf1" testName="TestAsymmetricZipRecombinator" computerName="ZAUBERWERKSTATT" duration="00:00:39.5901123" startTime="2009-11-26T23:29:00.6395008+01:00" endTime="2009-11-26T23:29:40.2296131+01:00" testType="13cdc9d9-ddb5-4fa4-a97d-d965ccfc6d4b" outcome="Aborted" testListId="8c84fa94-04c1-424b-9868-57a2d4851a1d">
    </UnitTestResult>
    <UnitTestResult executionId="9d857108-a8a6-40bf-a88d-47b6011f4ff1" testId="613f8c3e-b979-f751-2032-05139698d236" testName="TestBoolChromosome" computerName="ZAUBERWERKSTATT" duration="00:00:00" startTime="0001-01-01T01:00:00.0000000+01:00" endTime="0001-01-01T01:00:00.0000000+01:00" testType="13cdc9d9-ddb5-4fa4-a97d-d965ccfc6d4b" outcome="NotExecuted" testListId="8c84fa94-04c1-424b-9868-57a2d4851a1d">
    </UnitTestResult>
    <UnitTestResult executionId="079323b1-9f23-4d15-8ba6-7ba9f9e94944" testId="62ab115f-261a-b95d-499b-cfd1460ab12e" testName="TestCrossoverRecombinator" computerName="ZAUBERWERKSTATT" duration="00:00:00" startTime="0001-01-01T01:00:00.0000000+01:00" endTime="0001-01-01T01:00:00.0000000+01:00" testType="13cdc9d9-ddb5-4fa4-a97d-d965ccfc6d4b" outcome="NotExecuted" testListId="8c84fa94-04c1-424b-9868-57a2d4851a1d">
    </UnitTestResult>
    <UnitTestResult executionId="dec4f409-38ea-4ad8-9a7e-94b9b4d51340" testId="854ca284-e220-5b8e-9395-04256e2424fd" testName="TestCrossoverRecombinatorException" computerName="ZAUBERWERKSTATT" duration="00:00:00" startTime="0001-01-01T01:00:00.0000000+01:00" endTime="0001-01-01T01:00:00.0000000+01:00" testType="13cdc9d9-ddb5-4fa4-a97d-d965ccfc6d4b" outcome="NotExecuted" testListId="8c84fa94-04c1-424b-9868-57a2d4851a1d">
    </UnitTestResult>
    <UnitTestResult executionId="8989089a-747c-4cac-bbf4-fed1f73efc6a" testId="c42d77d0-d2d3-1c01-2cf4-17ef2ebf7937" testName="TestBoolGene" computerName="ZAUBERWERKSTATT" duration="00:00:00" startTime="0001-01-01T01:00:00.0000000+01:00" endTime="0001-01-01T01:00:00.0000000+01:00" testType="13cdc9d9-ddb5-4fa4-a97d-d965ccfc6d4b" outcome="NotExecuted" testListId="8c84fa94-04c1-424b-9868-57a2d4851a1d">
    </UnitTestResult>
    <UnitTestResult executionId="8a7e5bb2-af30-4ad2-8ce2-18a7eeff1071" testId="c56886d5-dedb-302e-560f-7d6494ac586f" testName="TestBoolSumFitness" computerName="ZAUBERWERKSTATT" duration="00:00:00" startTime="0001-01-01T01:00:00.0000000+01:00" endTime="0001-01-01T01:00:00.0000000+01:00" testType="13cdc9d9-ddb5-4fa4-a97d-d965ccfc6d4b" outcome="NotExecuted" testListId="8c84fa94-04c1-424b-9868-57a2d4851a1d">
    </UnitTestResult>
  </Results>
</TestRun>