<?xml version="1.0" encoding="UTF-8"?>
<TestRun id="1e37a689-ed35-40c4-9c68-207e295a53b2" name="ip@ZAUBERWERKSTATT 2009-11-26 23:54:51" runUser="zauberwerkstatt\ip" xmlns="http://microsoft.com/schemas/VisualStudio/TeamTest/2006">
  <TestRunConfiguration name="Standard-Testlaufkonfiguration" id="a8b427af-64e1-4d60-9db0-b332229c0fae">
    <Deployment runDeploymentRoot="C:\Users\ip\Documents\Visual Studio 2008\Projects\Genetic Algorithms\TestResults\ip_ZAUBERWERKSTATT 2009-11-26 23_54_51">
      <DeploymentItem filename="C:\Users\ip\Documents\Visual Studio 2008\Projects\Genetic Algorithms\Genetic Algorithms\bin\Debug\Genetic Algorithms.dll" />
    </Deployment>
    <Hosts skipUnhostableTests="false" />
    <TestTypeSpecific />
  </TestRunConfiguration>
  <ResultSummary outcome="Completed">
    <Counters total="8" executed="8" passed="8" error="0" failed="0" timeout="0" aborted="0" inconclusive="0" passedButRunAborted="0" notRunnable="0" notExecuted="0" disconnected="0" warning="0" completed="0" inProgress="0" pending="0" />
  </ResultSummary>
  <Times creation="2009-11-26T23:54:51.8903331+01:00" queuing="2009-11-26T23:54:53.6373904+01:00" start="2009-11-26T23:54:53.7681466+01:00" finish="2009-11-26T23:54:55.0354622+01:00" />
  <TestDefinitions>
    <UnitTest name="TestBoolSumFitness" storage="c:\users\ip\documents\visual studio 2008\projects\genetic algorithms\testproject2\bin\debug\geneticalgorithmstest.dll" id="c56886d5-dedb-302e-560f-7d6494ac586f">
      <Css projectStructure="" iteration="" />
      <Owners>
        <Owner name="" />
      </Owners>
      <Execution id="ccff6d1b-11c9-4383-8166-b1d4dfa1da22" />
      <TestMethod codeBase="C:\Users\ip\Documents\Visual Studio 2008\Projects\Genetic Algorithms\TestProject2\bin\Debug\GeneticAlgorithmsTest.dll" adapterTypeName="Microsoft.VisualStudio.TestTools.TestTypes.Unit.UnitTestAdapter, Microsoft.VisualStudio.QualityTools.Tips.UnitTest.Adapter, Version=9.0.0.0, Culture=neutral, PublicKeyToken=b03f5f7f11d50a3a" className="GeneticAlgorithmsTest.GeneticAlgorithmsTest, GeneticAlgorithmsTest" name="TestBoolSumFitness" />
    </UnitTest>
    <UnitTest name="TestAsymetricCrossoverRecombinator" storage="c:\users\ip\documents\visual studio 2008\projects\genetic algorithms\testproject2\bin\debug\geneticalgorithmstest.dll" id="2421bfbf-7080-4477-2162-1ee41334efa8">
      <Css projectStructure="" iteration="" />
      <Owners>
        <Owner name="" />
      </Owners>
      <Execution id="74251437-2c31-4947-b7f2-b1a93a5ae848" />
      <TestMethod codeBase="C:\Users\ip\Documents\Visual Studio 2008\Projects\Genetic Algorithms\TestProject2\bin\Debug\GeneticAlgorithmsTest.dll" adapterTypeName="Microsoft.VisualStudio.TestTools.TestTypes.Unit.UnitTestAdapter, Microsoft.VisualStudio.QualityTools.Tips.UnitTest.Adapter, Version=9.0.0.0, Culture=neutral, PublicKeyToken=b03f5f7f11d50a3a" className="GeneticAlgorithmsTest.GeneticAlgorithmsTest, GeneticAlgorithmsTest" name="TestAsymetricCrossoverRecombinator" />
    </UnitTest>
    <UnitTest name="TestCrossoverRecombinatorException" storage="c:\users\ip\documents\visual studio 2008\projects\genetic algorithms\testproject2\bin\debug\geneticalgorithmstest.dll" id="854ca284-e220-5b8e-9395-04256e2424fd">
      <Css projectStructure="" iteration="" />
      <Owners>
        <Owner name="" />
      </Owners>
      <Execution id="2debb524-9455-481b-bfce-18bfc842d956" />
      <TestMethod codeBase="C:\Users\ip\Documents\Visual Studio 2008\Projects\Genetic Algorithms\TestProject2\bin\Debug\GeneticAlgorithmsTest.dll" adapterTypeName="Microsoft.VisualStudio.TestTools.TestTypes.Unit.UnitTestAdapter, Microsoft.VisualStudio.QualityTools.Tips.UnitTest.Adapter, Version=9.0.0.0, Culture=neutral, PublicKeyToken=b03f5f7f11d50a3a" className="GeneticAlgorithmsTest.GeneticAlgorithmsTest, GeneticAlgorithmsTest" name="TestCrossoverRecombinatorException" />
    </UnitTest>
    <UnitTest name="TestBoolGene" storage="c:\users\ip\documents\visual studio 2008\projects\genetic algorithms\testproject2\bin\debug\geneticalgorithmstest.dll" id="c42d77d0-d2d3-1c01-2cf4-17ef2ebf7937">
      <Css projectStructure="" iteration="" />
      <Owners>
        <Owner name="" />
      </Owners>
      <Execution id="fea854b8-8414-4003-92bb-074e2318205b" />
      <TestMethod codeBase="C:\Users\ip\Documents\Visual Studio 2008\Projects\Genetic Algorithms\TestProject2\bin\Debug\GeneticAlgorithmsTest.dll" adapterTypeName="Microsoft.VisualStudio.TestTools.TestTypes.Unit.UnitTestAdapter, Microsoft.VisualStudio.QualityTools.Tips.UnitTest.Adapter, Version=9.0.0.0, Culture=neutral, PublicKeyToken=b03f5f7f11d50a3a" className="GeneticAlgorithmsTest.GeneticAlgorithmsTest, GeneticAlgorithmsTest" name="TestBoolGene" />
    </UnitTest>
    <UnitTest name="TestBoolChromosome" storage="c:\users\ip\documents\visual studio 2008\projects\genetic algorithms\testproject2\bin\debug\geneticalgorithmstest.dll" id="613f8c3e-b979-f751-2032-05139698d236">
      <Css projectStructure="" iteration="" />
      <Owners>
        <Owner name="" />
      </Owners>
      <Execution id="e5b661c8-d5c7-4bc5-8320-5b403c6aed5d" />
      <TestMethod codeBase="C:\Users\ip\Documents\Visual Studio 2008\Projects\Genetic Algorithms\TestProject2\bin\Debug\GeneticAlgorithmsTest.dll" adapterTypeName="Microsoft.VisualStudio.TestTools.TestTypes.Unit.UnitTestAdapter, Microsoft.VisualStudio.QualityTools.Tips.UnitTest.Adapter, Version=9.0.0.0, Culture=neutral, PublicKeyToken=b03f5f7f11d50a3a" className="GeneticAlgorithmsTest.GeneticAlgorithmsTest, GeneticAlgorithmsTest" name="TestBoolChromosome" />
    </UnitTest>
    <UnitTest name="TestAsymmetricZipRecombinator" storage="c:\users\ip\documents\visual studio 2008\projects\genetic algorithms\testproject2\bin\debug\geneticalgorithmstest.dll" id="3d637925-288d-6719-3b43-972e1aa56bf1">
      <Css projectStructure="" iteration="" />
      <Owners>
        <Owner name="" />
      </Owners>
      <Execution id="c00e9932-9e71-472e-b5c9-d377a7671bd6" />
      <TestMethod codeBase="C:\Users\ip\Documents\Visual Studio 2008\Projects\Genetic Algorithms\TestProject2\bin\Debug\GeneticAlgorithmsTest.dll" adapterTypeName="Microsoft.VisualStudio.TestTools.TestTypes.Unit.UnitTestAdapter, Microsoft.VisualStudio.QualityTools.Tips.UnitTest.Adapter, Version=9.0.0.0, Culture=neutral, PublicKeyToken=b03f5f7f11d50a3a" className="GeneticAlgorithmsTest.GeneticAlgorithmsTest, GeneticAlgorithmsTest" name="TestAsymmetricZipRecombinator" />
    </UnitTest>
    <UnitTest name="TestGeneticSimulation" storage="c:\users\ip\documents\visual studio 2008\projects\genetic algorithms\testproject2\bin\debug\geneticalgorithmstest.dll" id="1bc62088-5ed8-6de0-a1a2-26ce862841b9">
      <Css projectStructure="" iteration="" />
      <Owners>
        <Owner name="" />
      </Owners>
      <Execution id="d564bab0-0078-4eeb-b976-8c3a17367446" />
      <TestMethod codeBase="C:\Users\ip\Documents\Visual Studio 2008\Projects\Genetic Algorithms\TestProject2\bin\Debug\GeneticAlgorithmsTest.dll" adapterTypeName="Microsoft.VisualStudio.TestTools.TestTypes.Unit.UnitTestAdapter, Microsoft.VisualStudio.QualityTools.Tips.UnitTest.Adapter, Version=9.0.0.0, Culture=neutral, PublicKeyToken=b03f5f7f11d50a3a" className="GeneticAlgorithmsTest.GeneticAlgorithmsTest, GeneticAlgorithmsTest" name="TestGeneticSimulation" />
    </UnitTest>
    <UnitTest name="TestCrossoverRecombinator" storage="c:\users\ip\documents\visual studio 2008\projects\genetic algorithms\testproject2\bin\debug\geneticalgorithmstest.dll" id="62ab115f-261a-b95d-499b-cfd1460ab12e">
      <Css projectStructure="" iteration="" />
      <Owners>
        <Owner name="" />
      </Owners>
      <Execution id="d0bf3449-2b8f-485f-8517-2dfa4b0b491c" />
      <TestMethod codeBase="C:\Users\ip\Documents\Visual Studio 2008\Projects\Genetic Algorithms\TestProject2\bin\Debug\GeneticAlgorithmsTest.dll" adapterTypeName="Microsoft.VisualStudio.TestTools.TestTypes.Unit.UnitTestAdapter, Microsoft.VisualStudio.QualityTools.Tips.UnitTest.Adapter, Version=9.0.0.0, Culture=neutral, PublicKeyToken=b03f5f7f11d50a3a" className="GeneticAlgorithmsTest.GeneticAlgorithmsTest, GeneticAlgorithmsTest" name="TestCrossoverRecombinator" />
    </UnitTest>
  </TestDefinitions>
  <TestLists>
    <TestList name="Nicht in einer Liste enthaltene Ergebnisse" id="8c84fa94-04c1-424b-9868-57a2d4851a1d" />
    <TestList name="Alle geladenen Ergebnisse" id="19431567-8539-422a-85d7-44ee4e166bda" />
  </TestLists>
  <TestEntries>
    <TestEntry testId="1bc62088-5ed8-6de0-a1a2-26ce862841b9" executionId="d564bab0-0078-4eeb-b976-8c3a17367446" testListId="8c84fa94-04c1-424b-9868-57a2d4851a1d" />
    <TestEntry testId="2421bfbf-7080-4477-2162-1ee41334efa8" executionId="74251437-2c31-4947-b7f2-b1a93a5ae848" testListId="8c84fa94-04c1-424b-9868-57a2d4851a1d" />
    <TestEntry testId="3d637925-288d-6719-3b43-972e1aa56bf1" executionId="c00e9932-9e71-472e-b5c9-d377a7671bd6" testListId="8c84fa94-04c1-424b-9868-57a2d4851a1d" />
    <TestEntry testId="613f8c3e-b979-f751-2032-05139698d236" executionId="e5b661c8-d5c7-4bc5-8320-5b403c6aed5d" testListId="8c84fa94-04c1-424b-9868-57a2d4851a1d" />
    <TestEntry testId="62ab115f-261a-b95d-499b-cfd1460ab12e" executionId="d0bf3449-2b8f-485f-8517-2dfa4b0b491c" testListId="8c84fa94-04c1-424b-9868-57a2d4851a1d" />
    <TestEntry testId="854ca284-e220-5b8e-9395-04256e2424fd" executionId="2debb524-9455-481b-bfce-18bfc842d956" testListId="8c84fa94-04c1-424b-9868-57a2d4851a1d" />
    <TestEntry testId="c42d77d0-d2d3-1c01-2cf4-17ef2ebf7937" executionId="fea854b8-8414-4003-92bb-074e2318205b" testListId="8c84fa94-04c1-424b-9868-57a2d4851a1d" />
    <TestEntry testId="c56886d5-dedb-302e-560f-7d6494ac586f" executionId="ccff6d1b-11c9-4383-8166-b1d4dfa1da22" testListId="8c84fa94-04c1-424b-9868-57a2d4851a1d" />
  </TestEntries>
  <Results>
    <UnitTestResult executionId="d564bab0-0078-4eeb-b976-8c3a17367446" testId="1bc62088-5ed8-6de0-a1a2-26ce862841b9" testName="TestGeneticSimulation" computerName="ZAUBERWERKSTATT" duration="00:00:00.4992740" startTime="2009-11-26T23:54:53.9181552+01:00" endTime="2009-11-26T23:54:54.6166921+01:00" testType="13cdc9d9-ddb5-4fa4-a97d-d965ccfc6d4b" outcome="Passed" testListId="8c84fa94-04c1-424b-9868-57a2d4851a1d">
      <Output>
      </Output>
    </UnitTestResult>
    <UnitTestResult executionId="74251437-2c31-4947-b7f2-b1a93a5ae848" testId="2421bfbf-7080-4477-2162-1ee41334efa8" testName="TestAsymetricCrossoverRecombinator" computerName="ZAUBERWERKSTATT" duration="00:00:00.0022195" startTime="2009-11-26T23:54:54.6276928+01:00" endTime="2009-11-26T23:54:54.6346932+01:00" testType="13cdc9d9-ddb5-4fa4-a97d-d965ccfc6d4b" outcome="Passed" testListId="8c84fa94-04c1-424b-9868-57a2d4851a1d">
      <Output>
      </Output>
    </UnitTestResult>
    <UnitTestResult executionId="c00e9932-9e71-472e-b5c9-d377a7671bd6" testId="3d637925-288d-6719-3b43-972e1aa56bf1" testName="TestAsymmetricZipRecombinator" computerName="ZAUBERWERKSTATT" duration="00:00:00.0014586" startTime="2009-11-26T23:54:54.6609438+01:00" endTime="2009-11-26T23:54:54.6649440+01:00" testType="13cdc9d9-ddb5-4fa4-a97d-d965ccfc6d4b" outcome="Passed" testListId="8c84fa94-04c1-424b-9868-57a2d4851a1d">
      <Output>
      </Output>
    </UnitTestResult>
    <UnitTestResult executionId="e5b661c8-d5c7-4bc5-8320-5b403c6aed5d" testId="613f8c3e-b979-f751-2032-05139698d236" testName="TestBoolChromosome" computerName="ZAUBERWERKSTATT" duration="00:00:00.0010675" startTime="2009-11-26T23:54:54.7111958+01:00" endTime="2009-11-26T23:54:54.7141959+01:00" testType="13cdc9d9-ddb5-4fa4-a97d-d965ccfc6d4b" outcome="Passed" testListId="8c84fa94-04c1-424b-9868-57a2d4851a1d">
      <Output>
      </Output>
    </UnitTestResult>
    <UnitTestResult executionId="d0bf3449-2b8f-485f-8517-2dfa4b0b491c" testId="62ab115f-261a-b95d-499b-cfd1460ab12e" testName="TestCrossoverRecombinator" computerName="ZAUBERWERKSTATT" duration="00:00:00.0028624" startTime="2009-11-26T23:54:54.7251966+01:00" endTime="2009-11-26T23:54:54.7324469+01:00" testType="13cdc9d9-ddb5-4fa4-a97d-d965ccfc6d4b" outcome="Passed" testListId="8c84fa94-04c1-424b-9868-57a2d4851a1d">
      <Output>
      </Output>
    </UnitTestResult>
    <UnitTestResult executionId="2debb524-9455-481b-bfce-18bfc842d956" testId="854ca284-e220-5b8e-9395-04256e2424fd" testName="TestCrossoverRecombinatorException" computerName="ZAUBERWERKSTATT" duration="00:00:00.0074992" startTime="2009-11-26T23:54:54.7461972+01:00" endTime="2009-11-26T23:54:54.7574473+01:00" testType="13cdc9d9-ddb5-4fa4-a97d-d965ccfc6d4b" outcome="Passed" testListId="8c84fa94-04c1-424b-9868-57a2d4851a1d">
      <Output>
      </Output>
    </UnitTestResult>
    <UnitTestResult executionId="fea854b8-8414-4003-92bb-074e2318205b" testId="c42d77d0-d2d3-1c01-2cf4-17ef2ebf7937" testName="TestBoolGene" computerName="ZAUBERWERKSTATT" duration="00:00:00.0008214" startTime="2009-11-26T23:54:54.8854536+01:00" endTime="2009-11-26T23:54:54.8924540+01:00" testType="13cdc9d9-ddb5-4fa4-a97d-d965ccfc6d4b" outcome="Passed" testListId="8c84fa94-04c1-424b-9868-57a2d4851a1d">
      <Output>
      </Output>
    </UnitTestResult>
    <UnitTestResult executionId="ccff6d1b-11c9-4383-8166-b1d4dfa1da22" testId="c56886d5-dedb-302e-560f-7d6494ac586f" testName="TestBoolSumFitness" computerName="ZAUBERWERKSTATT" duration="00:00:00.0030720" startTime="2009-11-26T23:54:54.9354565+01:00" endTime="2009-11-26T23:54:54.9434569+01:00" testType="13cdc9d9-ddb5-4fa4-a97d-d965ccfc6d4b" outcome="Passed" testListId="8c84fa94-04c1-424b-9868-57a2d4851a1d">
      <Output>
      </Output>
    </UnitTestResult>
  </Results>
</TestRun>