<?xml version="1.0" encoding="UTF-8"?>
<TestRun id="1eccb49f-0587-42a8-a07d-a5ff324fcd7d" name="ip@ZAUBERWERKSTATT 2009-11-26 23:31:39" runUser="zauberwerkstatt\ip" xmlns="http://microsoft.com/schemas/VisualStudio/TeamTest/2006">
  <TestRunConfiguration name="Standard-Testlaufkonfiguration" id="24dfacba-d84d-469d-8c2e-4fd858fe2418">
    <Deployment runDeploymentRoot="C:\Users\ip\Documents\Visual Studio 2008\Projects\Genetic Algorithms\TestResults\ip_ZAUBERWERKSTATT 2009-11-26 23_31_39">
      <DeploymentItem filename="C:\Users\ip\Documents\Visual Studio 2008\Projects\Genetic Algorithms\Genetic Algorithms\bin\Debug\Genetic Algorithms.dll" />
    </Deployment>
    <Hosts skipUnhostableTests="false" />
    <TestTypeSpecific />
  </TestRunConfiguration>
  <ResultSummary outcome="Failed">
    <Counters total="8" executed="8" passed="7" error="0" failed="1" timeout="0" aborted="0" inconclusive="0" passedButRunAborted="0" notRunnable="0" notExecuted="0" disconnected="0" warning="0" completed="0" inProgress="0" pending="0" />
  </ResultSummary>
  <Times creation="2009-11-26T23:31:39.0006337+01:00" queuing="2009-11-26T23:31:40.4706687+01:00" start="2009-11-26T23:31:42.9618067+01:00" finish="2009-11-26T23:31:46.1009701+01:00" />
  <TestDefinitions>
    <UnitTest name="TestBoolSumFitness" storage="c:\users\ip\documents\visual studio 2008\projects\genetic algorithms\testproject2\bin\debug\geneticalgorithmstest.dll" id="c56886d5-dedb-302e-560f-7d6494ac586f">
      <Css projectStructure="" iteration="" />
      <Owners>
        <Owner name="" />
      </Owners>
      <Execution id="785cb4c5-4728-4930-b315-37fc3af66a14" />
      <TestMethod codeBase="C:\Users\ip\Documents\Visual Studio 2008\Projects\Genetic Algorithms\TestProject2\bin\Debug\GeneticAlgorithmsTest.dll" adapterTypeName="Microsoft.VisualStudio.TestTools.TestTypes.Unit.UnitTestAdapter, Microsoft.VisualStudio.QualityTools.Tips.UnitTest.Adapter, Version=9.0.0.0, Culture=neutral, PublicKeyToken=b03f5f7f11d50a3a" className="GeneticAlgorithmsTest.GeneticAlgorithmsTest, GeneticAlgorithmsTest" name="TestBoolSumFitness" />
    </UnitTest>
    <UnitTest name="TestAsymetricCrossoverRecombinator" storage="c:\users\ip\documents\visual studio 2008\projects\genetic algorithms\testproject2\bin\debug\geneticalgorithmstest.dll" id="2421bfbf-7080-4477-2162-1ee41334efa8">
      <Css projectStructure="" iteration="" />
      <Owners>
        <Owner name="" />
      </Owners>
      <Execution id="681bed08-439a-4b60-9566-98b38ede8952" />
      <TestMethod codeBase="C:\Users\ip\Documents\Visual Studio 2008\Projects\Genetic Algorithms\TestProject2\bin\Debug\GeneticAlgorithmsTest.dll" adapterTypeName="Microsoft.VisualStudio.TestTools.TestTypes.Unit.UnitTestAdapter, Microsoft.VisualStudio.QualityTools.Tips.UnitTest.Adapter, Version=9.0.0.0, Culture=neutral, PublicKeyToken=b03f5f7f11d50a3a" className="GeneticAlgorithmsTest.GeneticAlgorithmsTest, GeneticAlgorithmsTest" name="TestAsymetricCrossoverRecombinator" />
    </UnitTest>
    <UnitTest name="TestCrossoverRecombinatorException" storage="c:\users\ip\documents\visual studio 2008\projects\genetic algorithms\testproject2\bin\debug\geneticalgorithmstest.dll" id="854ca284-e220-5b8e-9395-04256e2424fd">
      <Css projectStructure="" iteration="" />
      <Owners>
        <Owner name="" />
      </Owners>
      <Execution id="6fc7ccc5-1b20-4dbe-9475-cd76d97a44e9" />
      <TestMethod codeBase="C:\Users\ip\Documents\Visual Studio 2008\Projects\Genetic Algorithms\TestProject2\bin\Debug\GeneticAlgorithmsTest.dll" adapterTypeName="Microsoft.VisualStudio.TestTools.TestTypes.Unit.UnitTestAdapter, Microsoft.VisualStudio.QualityTools.Tips.UnitTest.Adapter, Version=9.0.0.0, Culture=neutral, PublicKeyToken=b03f5f7f11d50a3a" className="GeneticAlgorithmsTest.GeneticAlgorithmsTest, GeneticAlgorithmsTest" name="TestCrossoverRecombinatorException" />
    </UnitTest>
    <UnitTest name="TestBoolGene" storage="c:\users\ip\documents\visual studio 2008\projects\genetic algorithms\testproject2\bin\debug\geneticalgorithmstest.dll" id="c42d77d0-d2d3-1c01-2cf4-17ef2ebf7937">
      <Css projectStructure="" iteration="" />
      <Owners>
        <Owner name="" />
      </Owners>
      <Execution id="2582f08d-d7ef-4f1f-a6fd-fd2c41301191" />
      <TestMethod codeBase="C:\Users\ip\Documents\Visual Studio 2008\Projects\Genetic Algorithms\TestProject2\bin\Debug\GeneticAlgorithmsTest.dll" adapterTypeName="Microsoft.VisualStudio.TestTools.TestTypes.Unit.UnitTestAdapter, Microsoft.VisualStudio.QualityTools.Tips.UnitTest.Adapter, Version=9.0.0.0, Culture=neutral, PublicKeyToken=b03f5f7f11d50a3a" className="GeneticAlgorithmsTest.GeneticAlgorithmsTest, GeneticAlgorithmsTest" name="TestBoolGene" />
    </UnitTest>
    <UnitTest name="TestBoolChromosome" storage="c:\users\ip\documents\visual studio 2008\projects\genetic algorithms\testproject2\bin\debug\geneticalgorithmstest.dll" id="613f8c3e-b979-f751-2032-05139698d236">
      <Css projectStructure="" iteration="" />
      <Owners>
        <Owner name="" />
      </Owners>
      <Execution id="49f26994-e7bf-45b3-8f06-5752cc197a22" />
      <TestMethod codeBase="C:\Users\ip\Documents\Visual Studio 2008\Projects\Genetic Algorithms\TestProject2\bin\Debug\GeneticAlgorithmsTest.dll" adapterTypeName="Microsoft.VisualStudio.TestTools.TestTypes.Unit.UnitTestAdapter, Microsoft.VisualStudio.QualityTools.Tips.UnitTest.Adapter, Version=9.0.0.0, Culture=neutral, PublicKeyToken=b03f5f7f11d50a3a" className="GeneticAlgorithmsTest.GeneticAlgorithmsTest, GeneticAlgorithmsTest" name="TestBoolChromosome" />
    </UnitTest>
    <UnitTest name="TestAsymmetricZipRecombinator" storage="c:\users\ip\documents\visual studio 2008\projects\genetic algorithms\testproject2\bin\debug\geneticalgorithmstest.dll" id="3d637925-288d-6719-3b43-972e1aa56bf1">
      <Css projectStructure="" iteration="" />
      <Owners>
        <Owner name="" />
      </Owners>
      <Execution id="261c17d4-8027-46ae-9f8c-bf9eaa7f1037" />
      <TestMethod codeBase="C:\Users\ip\Documents\Visual Studio 2008\Projects\Genetic Algorithms\TestProject2\bin\Debug\GeneticAlgorithmsTest.dll" adapterTypeName="Microsoft.VisualStudio.TestTools.TestTypes.Unit.UnitTestAdapter, Microsoft.VisualStudio.QualityTools.Tips.UnitTest.Adapter, Version=9.0.0.0, Culture=neutral, PublicKeyToken=b03f5f7f11d50a3a" className="GeneticAlgorithmsTest.GeneticAlgorithmsTest, GeneticAlgorithmsTest" name="TestAsymmetricZipRecombinator" />
    </UnitTest>
    <UnitTest name="TestGeneticSimulation" storage="c:\users\ip\documents\visual studio 2008\projects\genetic algorithms\testproject2\bin\debug\geneticalgorithmstest.dll" id="1bc62088-5ed8-6de0-a1a2-26ce862841b9">
      <Css projectStructure="" iteration="" />
      <Owners>
        <Owner name="" />
      </Owners>
      <Execution id="506570ae-0776-4c53-a240-bacc719cf388" />
      <TestMethod codeBase="C:\Users\ip\Documents\Visual Studio 2008\Projects\Genetic Algorithms\TestProject2\bin\Debug\GeneticAlgorithmsTest.dll" adapterTypeName="Microsoft.VisualStudio.TestTools.TestTypes.Unit.UnitTestAdapter, Microsoft.VisualStudio.QualityTools.Tips.UnitTest.Adapter, Version=9.0.0.0, Culture=neutral, PublicKeyToken=b03f5f7f11d50a3a" className="GeneticAlgorithmsTest.GeneticAlgorithmsTest, GeneticAlgorithmsTest" name="TestGeneticSimulation" />
    </UnitTest>
    <UnitTest name="TestCrossoverRecombinator" storage="c:\users\ip\documents\visual studio 2008\projects\genetic algorithms\testproject2\bin\debug\geneticalgorithmstest.dll" id="62ab115f-261a-b95d-499b-cfd1460ab12e">
      <Css projectStructure="" iteration="" />
      <Owners>
        <Owner name="" />
      </Owners>
      <Execution id="d53e65d3-2331-4988-8193-faa980070527" />
      <TestMethod codeBase="C:\Users\ip\Documents\Visual Studio 2008\Projects\Genetic Algorithms\TestProject2\bin\Debug\GeneticAlgorithmsTest.dll" adapterTypeName="Microsoft.VisualStudio.TestTools.TestTypes.Unit.UnitTestAdapter, Microsoft.VisualStudio.QualityTools.Tips.UnitTest.Adapter, Version=9.0.0.0, Culture=neutral, PublicKeyToken=b03f5f7f11d50a3a" className="GeneticAlgorithmsTest.GeneticAlgorithmsTest, GeneticAlgorithmsTest" name="TestCrossoverRecombinator" />
    </UnitTest>
  </TestDefinitions>
  <TestLists>
    <TestList name="Nicht in einer Liste enthaltene Ergebnisse" id="8c84fa94-04c1-424b-9868-57a2d4851a1d" />
    <TestList name="Alle geladenen Ergebnisse" id="19431567-8539-422a-85d7-44ee4e166bda" />
  </TestLists>
  <TestEntries>
    <TestEntry testId="1bc62088-5ed8-6de0-a1a2-26ce862841b9" executionId="506570ae-0776-4c53-a240-bacc719cf388" testListId="8c84fa94-04c1-424b-9868-57a2d4851a1d" />
    <TestEntry testId="2421bfbf-7080-4477-2162-1ee41334efa8" executionId="681bed08-439a-4b60-9566-98b38ede8952" testListId="8c84fa94-04c1-424b-9868-57a2d4851a1d" />
    <TestEntry testId="3d637925-288d-6719-3b43-972e1aa56bf1" executionId="261c17d4-8027-46ae-9f8c-bf9eaa7f1037" testListId="8c84fa94-04c1-424b-9868-57a2d4851a1d" />
    <TestEntry testId="613f8c3e-b979-f751-2032-05139698d236" executionId="49f26994-e7bf-45b3-8f06-5752cc197a22" testListId="8c84fa94-04c1-424b-9868-57a2d4851a1d" />
    <TestEntry testId="62ab115f-261a-b95d-499b-cfd1460ab12e" executionId="d53e65d3-2331-4988-8193-faa980070527" testListId="8c84fa94-04c1-424b-9868-57a2d4851a1d" />
    <TestEntry testId="854ca284-e220-5b8e-9395-04256e2424fd" executionId="6fc7ccc5-1b20-4dbe-9475-cd76d97a44e9" testListId="8c84fa94-04c1-424b-9868-57a2d4851a1d" />
    <TestEntry testId="c42d77d0-d2d3-1c01-2cf4-17ef2ebf7937" executionId="2582f08d-d7ef-4f1f-a6fd-fd2c41301191" testListId="8c84fa94-04c1-424b-9868-57a2d4851a1d" />
    <TestEntry testId="c56886d5-dedb-302e-560f-7d6494ac586f" executionId="785cb4c5-4728-4930-b315-37fc3af66a14" testListId="8c84fa94-04c1-424b-9868-57a2d4851a1d" />
  </TestEntries>
  <Results>
    <UnitTestResult executionId="506570ae-0776-4c53-a240-bacc719cf388" testId="1bc62088-5ed8-6de0-a1a2-26ce862841b9" testName="TestGeneticSimulation" computerName="ZAUBERWERKSTATT" duration="00:00:00.4942137" startTime="2009-11-26T23:31:43.4048315+01:00" endTime="2009-11-26T23:31:44.0788622+01:00" testType="13cdc9d9-ddb5-4fa4-a97d-d965ccfc6d4b" outcome="Passed" testListId="8c84fa94-04c1-424b-9868-57a2d4851a1d">
      <Output>
      </Output>
    </UnitTestResult>
    <UnitTestResult executionId="681bed08-439a-4b60-9566-98b38ede8952" testId="2421bfbf-7080-4477-2162-1ee41334efa8" testName="TestAsymetricCrossoverRecombinator" computerName="ZAUBERWERKSTATT" duration="00:00:00.0012672" startTime="2009-11-26T23:31:44.3608784+01:00" endTime="2009-11-26T23:31:44.3668787+01:00" testType="13cdc9d9-ddb5-4fa4-a97d-d965ccfc6d4b" outcome="Passed" testListId="8c84fa94-04c1-424b-9868-57a2d4851a1d">
      <Output>
      </Output>
    </UnitTestResult>
    <UnitTestResult executionId="261c17d4-8027-46ae-9f8c-bf9eaa7f1037" testId="3d637925-288d-6719-3b43-972e1aa56bf1" testName="TestAsymmetricZipRecombinator" computerName="ZAUBERWERKSTATT" duration="00:00:00.0135651" startTime="2009-11-26T23:31:44.6148929+01:00" endTime="2009-11-26T23:31:44.6288937+01:00" testType="13cdc9d9-ddb5-4fa4-a97d-d965ccfc6d4b" outcome="Failed" testListId="8c84fa94-04c1-424b-9868-57a2d4851a1d">
      <Output>
        <ErrorInfo>
          <Message>Test method GeneticAlgorithmsTest.GeneticAlgorithmsTest.TestAsymmetricZipRecombinator threw exception:  System.ArgumentOutOfRangeException: Index was out of range. Must be non-negative and less than the size of the collection.
Parameter name: index.</Message>
          <StackTrace>    at System.Collections.ArrayList.set_Item(Int32 index, Object value)
   at GeneticAlgorithms.Chromosome`1.set_Item(Int32 index, Gene value) in C:\Users\ip\Documents\Visual Studio 2008\Projects\Genetic Algorithms\Genetic Algorithms\Chromosome.cs:line 69
   at GeneticAlgorithmsTest.GeneticAlgorithmsTest.TestAsymmetricZipRecombinator() in C:\Users\ip\Documents\Visual Studio 2008\Projects\Genetic Algorithms\TestProject2\GeneticAlgorithmsTest.cs:line 122
</StackTrace>
        </ErrorInfo>
      </Output>
    </UnitTestResult>
    <UnitTestResult executionId="49f26994-e7bf-45b3-8f06-5752cc197a22" testId="613f8c3e-b979-f751-2032-05139698d236" testName="TestBoolChromosome" computerName="ZAUBERWERKSTATT" duration="00:00:00.0010683" startTime="2009-11-26T23:31:44.6488937+01:00" endTime="2009-11-26T23:31:44.6488937+01:00" testType="13cdc9d9-ddb5-4fa4-a97d-d965ccfc6d4b" outcome="Passed" testListId="8c84fa94-04c1-424b-9868-57a2d4851a1d">
      <Output>
      </Output>
    </UnitTestResult>
    <UnitTestResult executionId="d53e65d3-2331-4988-8193-faa980070527" testId="62ab115f-261a-b95d-499b-cfd1460ab12e" testName="TestCrossoverRecombinator" computerName="ZAUBERWERKSTATT" duration="00:00:00.0011412" startTime="2009-11-26T23:31:44.6688938+01:00" endTime="2009-11-26T23:31:44.6688938+01:00" testType="13cdc9d9-ddb5-4fa4-a97d-d965ccfc6d4b" outcome="Passed" testListId="8c84fa94-04c1-424b-9868-57a2d4851a1d">
      <Output>
      </Output>
    </UnitTestResult>
    <UnitTestResult executionId="6fc7ccc5-1b20-4dbe-9475-cd76d97a44e9" testId="854ca284-e220-5b8e-9395-04256e2424fd" testName="TestCrossoverRecombinatorException" computerName="ZAUBERWERKSTATT" duration="00:00:00.0051405" startTime="2009-11-26T23:31:44.6788938+01:00" endTime="2009-11-26T23:31:44.6888938+01:00" testType="13cdc9d9-ddb5-4fa4-a97d-d965ccfc6d4b" outcome="Passed" testListId="8c84fa94-04c1-424b-9868-57a2d4851a1d">
      <Output>
      </Output>
    </UnitTestResult>
    <UnitTestResult executionId="2582f08d-d7ef-4f1f-a6fd-fd2c41301191" testId="c42d77d0-d2d3-1c01-2cf4-17ef2ebf7937" testName="TestBoolGene" computerName="ZAUBERWERKSTATT" duration="00:00:00.0008004" startTime="2009-11-26T23:31:44.7188938+01:00" endTime="2009-11-26T23:31:44.7188938+01:00" testType="13cdc9d9-ddb5-4fa4-a97d-d965ccfc6d4b" outcome="Passed" testListId="8c84fa94-04c1-424b-9868-57a2d4851a1d">
      <Output>
      </Output>
    </UnitTestResult>
    <UnitTestResult executionId="785cb4c5-4728-4930-b315-37fc3af66a14" testId="c56886d5-dedb-302e-560f-7d6494ac586f" testName="TestBoolSumFitness" computerName="ZAUBERWERKSTATT" duration="00:00:00.0011164" startTime="2009-11-26T23:31:44.7388939+01:00" endTime="2009-11-26T23:31:44.7388939+01:00" testType="13cdc9d9-ddb5-4fa4-a97d-d965ccfc6d4b" outcome="Passed" testListId="8c84fa94-04c1-424b-9868-57a2d4851a1d">
      <Output>
      </Output>
    </UnitTestResult>
  </Results>
</TestRun>